/cacher/datasourcestatus
/cacher/display
/cacher/force
/extract/extract
/extract/extractnow
Httpserver started.
Mon Jan 17 17:00:00 SGT 2011
14443
scheduled 14443
Mon Jan 17 19:01:00 SGT 2011
21703
scheduled 21703
Mon Jan 17 15:39:00 SGT 2011
9583
scheduled 9583
/extract/extractnow
/favicon.ico
24
/favicon.ico
/extract/extractnow
25
/extract/extractnow
26
/extract/extractnow
27
/extract/extractnow
28
/extract/extractnow
Tue Jan 18 15:39:00 SGT 2011
86400
scheduled 86400
29
/extract/extractnow
/extract/extractnow
